TN:
SF:src/app/components/cart/cart.component.ts
FN:59,(anonymous_1)
FN:61,(anonymous_2)
FN:62,(anonymous_3)
FN:68,(anonymous_4)
FN:72,(anonymous_5)
FN:76,(anonymous_6)
FNF:6
FNH:6
FNDA:6,(anonymous_1)
FNDA:6,(anonymous_2)
FNDA:8,(anonymous_3)
FNDA:1,(anonymous_4)
FNDA:1,(anonymous_5)
FNDA:1,(anonymous_6)
DA:55,1
DA:56,6
DA:57,6
DA:59,6
DA:62,6
DA:63,8
DA:64,8
DA:69,1
DA:73,1
DA:77,1
LF:10
LH:10
BRF:0
BRH:0
end_of_record
TN:
SF:src/app/components/checkout/checkout.component.ts
FN:82,(anonymous_1)
FN:89,(anonymous_2)
FN:90,(anonymous_3)
FN:99,(anonymous_4)
FN:126,(anonymous_5)
FN:142,(anonymous_6)
FN:147,(anonymous_7)
FNF:7
FNH:7
FNDA:15,(anonymous_1)
FNDA:16,(anonymous_2)
FNDA:16,(anonymous_3)
FNDA:11,(anonymous_4)
FNDA:7,(anonymous_5)
FNDA:4,(anonymous_6)
FNDA:3,(anonymous_7)
DA:75,1
DA:76,15
DA:77,15
DA:78,15
DA:79,15
DA:80,15
DA:83,15
DA:84,15
DA:85,15
DA:86,15
DA:90,16
DA:91,16
DA:92,16
DA:93,16
DA:94,1
DA:100,11
DA:101,11
DA:102,1
DA:103,1
DA:104,1
DA:107,10
DA:108,2
DA:109,2
DA:112,8
DA:113,8
DA:115,8
DA:116,8
DA:117,1
DA:118,1
DA:119,1
DA:122,7
DA:123,7
DA:126,7
DA:141,7
DA:143,4
DA:144,4
DA:145,4
DA:148,3
DA:149,3
DA:150,3
DA:151,3
LF:41
LH:41
BRDA:93,0,0,1
BRDA:101,1,0,1
BRDA:107,2,0,2
BRDA:107,3,0,10
BRDA:107,3,1,8
BRDA:107,3,2,8
BRDA:107,3,3,8
BRDA:113,4,0,8
BRDA:113,4,1,1
BRDA:116,5,0,1
BRDA:149,6,0,3
BRDA:149,6,1,3
BRDA:149,6,2,2
BRDA:149,6,3,1
BRF:14
BRH:14
end_of_record
TN:
SF:src/app/components/login/login.component.ts
FN:35,(anonymous_1)
FN:37,(anonymous_2)
FN:41,(anonymous_3)
FN:42,(anonymous_4)
FNF:4
FNH:4
FNDA:13,(anonymous_1)
FNDA:5,(anonymous_2)
FNDA:3,(anonymous_3)
FNDA:2,(anonymous_4)
DA:31,1
DA:32,13
DA:33,13
DA:34,13
DA:35,13
DA:38,5
DA:39,5
DA:40,5
DA:41,3
DA:42,2
LF:10
LH:10
BRDA:42,0,0,2
BRDA:42,0,1,1
BRF:2
BRH:2
end_of_record
TN:
SF:src/app/components/media-manager/media-manager.component.ts
FN:36,(anonymous_1)
FN:38,(anonymous_2)
FN:41,(anonymous_3)
FN:43,(anonymous_4)
FN:45,(anonymous_5)
FN:49,(anonymous_6)
FN:53,(anonymous_7)
FN:66,(anonymous_8)
FN:66,(anonymous_9)
FNF:9
FNH:5
FNDA:7,(anonymous_1)
FNDA:7,(anonymous_2)
FNDA:7,(anonymous_3)
FNDA:14,(anonymous_4)
FNDA:0,(anonymous_5)
FNDA:0,(anonymous_6)
FNDA:4,(anonymous_7)
FNDA:0,(anonymous_8)
FNDA:0,(anonymous_9)
DA:30,1
DA:31,7
DA:32,7
DA:33,7
DA:34,7
DA:35,7
DA:36,7
DA:40,7
DA:42,7
DA:43,14
DA:45,0
DA:50,0
DA:54,4
DA:55,4
DA:56,4
DA:57,3
DA:58,2
DA:59,2
DA:60,1
DA:61,1
DA:62,0
DA:63,0
DA:64,0
DA:65,0
DA:66,0
LF:25
LH:18
BRDA:56,0,0,1
BRDA:57,1,0,1
BRDA:59,2,0,1
BRDA:61,3,0,1
BRF:4
BRH:4
end_of_record
TN:
SF:src/app/components/order-list/order-list.component.ts
FN:63,(anonymous_1)
FN:65,(anonymous_2)
FN:69,(anonymous_3)
FN:75,(anonymous_4)
FN:77,(anonymous_5)
FN:80,(anonymous_6)
FN:87,(anonymous_7)
FN:89,(anonymous_8)
FN:92,(anonymous_9)
FN:98,(anonymous_10)
FN:100,(anonymous_11)
FN:103,(anonymous_12)
FN:109,(anonymous_13)
FN:111,(anonymous_14)
FN:114,(anonymous_15)
FN:120,(anonymous_16)
FN:122,(anonymous_17)
FN:125,(anonymous_18)
FNF:18
FNH:15
FNDA:12,(anonymous_1)
FNDA:4,(anonymous_2)
FNDA:10,(anonymous_3)
FNDA:11,(anonymous_4)
FNDA:10,(anonymous_5)
FNDA:1,(anonymous_6)
FNDA:2,(anonymous_7)
FNDA:1,(anonymous_8)
FNDA:1,(anonymous_9)
FNDA:2,(anonymous_10)
FNDA:1,(anonymous_11)
FNDA:1,(anonymous_12)
FNDA:0,(anonymous_13)
FNDA:0,(anonymous_14)
FNDA:0,(anonymous_15)
FNDA:2,(anonymous_16)
FNDA:1,(anonymous_17)
FNDA:1,(anonymous_18)
DA:59,1
DA:60,12
DA:63,12
DA:64,12
DA:65,4
DA:70,10
DA:71,7
DA:76,11
DA:78,10
DA:81,1
DA:82,1
DA:88,2
DA:90,1
DA:93,1
DA:99,2
DA:101,1
DA:104,1
DA:110,0
DA:112,0
DA:115,0
DA:121,2
DA:123,1
DA:126,1
DA:131,12
LF:24
LH:21
BRDA:70,0,0,7
BRDA:82,1,0,1
BRDA:82,1,1,0
BRDA:93,2,0,1
BRDA:93,2,1,0
BRDA:104,3,0,1
BRDA:104,3,1,0
BRDA:115,4,0,0
BRDA:115,4,1,0
BRDA:126,5,0,1
BRDA:126,5,1,0
BRF:11
BRH:5
end_of_record
TN:
SF:src/app/components/product-list/product-list.component.ts
FN:93,(anonymous_1)
FN:101,(anonymous_2)
FN:104,(anonymous_3)
FN:106,(anonymous_4)
FN:111,(anonymous_5)
FN:114,(anonymous_6)
FN:120,(anonymous_7)
FN:121,(anonymous_8)
FN:125,(anonymous_9)
FN:132,(anonymous_10)
FN:135,(anonymous_11)
FN:138,(anonymous_12)
FN:143,(anonymous_13)
FN:150,(anonymous_14)
FN:156,(anonymous_15)
FN:161,(anonymous_16)
FNF:16
FNH:8
FNDA:4,(anonymous_1)
FNDA:0,(anonymous_2)
FNDA:4,(anonymous_3)
FNDA:4,(anonymous_4)
FNDA:4,(anonymous_5)
FNDA:4,(anonymous_6)
FNDA:8,(anonymous_7)
FNDA:0,(anonymous_8)
FNDA:0,(anonymous_9)
FNDA:8,(anonymous_10)
FNDA:6,(anonymous_11)
FNDA:0,(anonymous_12)
FNDA:0,(anonymous_13)
FNDA:0,(anonymous_14)
FNDA:0,(anonymous_15)
FNDA:0,(anonymous_16)
DA:82,1
DA:83,4
DA:84,4
DA:87,4
DA:88,4
DA:89,4
DA:94,4
DA:95,4
DA:96,4
DA:97,4
DA:99,4
DA:100,4
DA:101,0
DA:105,4
DA:106,4
DA:108,4
DA:112,4
DA:113,4
DA:115,4
DA:116,4
DA:117,4
DA:118,8
DA:119,8
DA:120,8
DA:121,0
DA:126,0
DA:127,0
DA:133,8
DA:134,8
DA:135,6
DA:139,0
DA:140,0
DA:144,0
DA:145,0
DA:146,0
DA:147,0
DA:151,0
DA:152,0
DA:153,0
DA:156,0
DA:158,0
DA:162,0
LF:42
LH:26
BRDA:116,0,0,4
BRDA:116,0,1,4
BRDA:118,1,0,8
BRDA:118,1,1,0
BRDA:133,2,0,8
BRDA:133,2,1,5
BRDA:134,3,0,5
BRDA:135,4,0,6
BRDA:135,4,1,2
BRDA:135,5,0,6
BRDA:135,5,1,0
BRDA:135,6,0,2
BRDA:135,6,1,2
BRDA:144,7,0,0
BRDA:144,7,1,0
BRDA:145,8,0,0
BRDA:145,8,1,0
BRDA:145,9,0,0
BRDA:145,9,1,0
BRDA:146,10,0,0
BRDA:146,10,1,0
BRDA:151,11,0,0
BRDA:151,11,1,0
BRDA:152,12,0,0
BRF:24
BRH:11
end_of_record
TN:
SF:src/app/components/profile/profile.component.ts
FN:253,(anonymous_1)
FN:259,(anonymous_2)
FN:267,(anonymous_3)
FN:269,(anonymous_4)
FN:270,(anonymous_5)
FN:272,(anonymous_6)
FN:275,(anonymous_7)
FN:278,(anonymous_8)
FN:279,(anonymous_9)
FN:280,(anonymous_10)
FN:287,(anonymous_11)
FN:290,(anonymous_12)
FN:292,(anonymous_13)
FN:295,(anonymous_14)
FN:308,(anonymous_15)
FN:325,(anonymous_16)
FN:336,(anonymous_17)
FN:350,(anonymous_18)
FN:360,(anonymous_19)
FN:376,(anonymous_20)
FN:381,(anonymous_21)
FN:397,(anonymous_22)
FN:402,(anonymous_23)
FN:406,(anonymous_24)
FN:410,(anonymous_25)
FNF:25
FNH:24
FNDA:6,(anonymous_1)
FNDA:8,(anonymous_2)
FNDA:7,(anonymous_3)
FNDA:22,(anonymous_4)
FNDA:15,(anonymous_5)
FNDA:10,(anonymous_6)
FNDA:10,(anonymous_7)
FNDA:22,(anonymous_8)
FNDA:17,(anonymous_9)
FNDA:17,(anonymous_10)
FNDA:5,(anonymous_11)
FNDA:0,(anonymous_12)
FNDA:10,(anonymous_13)
FNDA:1,(anonymous_14)
FNDA:14,(anonymous_15)
FNDA:21,(anonymous_16)
FNDA:21,(anonymous_17)
FNDA:34,(anonymous_18)
FNDA:54,(anonymous_19)
FNDA:54,(anonymous_20)
FNDA:94,(anonymous_21)
FNDA:22,(anonymous_22)
FNDA:34,(anonymous_23)
FNDA:56,(anonymous_24)
FNDA:203,(anonymous_25)
DA:237,1
DA:238,6
DA:239,6
DA:240,6
DA:241,6
DA:242,6
DA:243,6
DA:244,6
DA:245,6
DA:246,6
DA:247,6
DA:248,6
DA:249,6
DA:250,6
DA:251,6
DA:254,6
DA:255,6
DA:256,6
DA:260,8
DA:261,8
DA:262,8
DA:263,8
DA:264,8
DA:266,8
DA:268,7
DA:269,22
DA:270,15
DA:271,7
DA:272,10
DA:274,7
DA:275,10
DA:278,22
DA:279,17
DA:280,17
DA:282,7
DA:283,7
DA:284,7
DA:286,7
DA:287,5
DA:288,7
DA:289,7
DA:290,0
DA:292,10
DA:293,7
DA:296,1
DA:297,1
DA:298,1
DA:299,1
DA:300,1
DA:301,1
DA:302,1
DA:303,1
DA:309,14
DA:311,14
DA:312,30
DA:313,50
DA:314,50
DA:316,50
DA:317,50
DA:318,50
DA:322,14
DA:326,21
DA:327,21
DA:329,21
DA:330,34
DA:333,21
DA:337,21
DA:339,21
DA:340,42
DA:341,42
DA:342,42
DA:343,42
DA:347,21
DA:355,34
DA:356,54
DA:365,54
DA:366,54
DA:368,44
DA:369,44
DA:371,44
DA:372,44
DA:373,44
DA:377,54
DA:378,54
DA:388,94
DA:390,94
DA:391,94
DA:392,94
DA:393,94
DA:394,94
DA:398,22
DA:399,22
DA:403,34
DA:407,56
DA:411,203
DA:412,203
LF:96
LH:95
BRDA:261,0,0,8
BRDA:261,0,1,0
BRDA:262,1,0,8
BRDA:262,1,1,0
BRDA:263,2,0,8
BRDA:263,2,1,0
BRDA:264,3,0,6
BRDA:264,3,1,2
BRDA:268,4,0,7
BRDA:268,4,1,0
BRDA:269,5,0,7
BRDA:269,5,1,0
BRDA:272,6,0,10
BRDA:272,6,1,5
BRDA:275,7,0,10
BRDA:275,7,1,0
BRDA:278,8,0,7
BRDA:278,8,1,0
BRDA:287,9,0,5
BRDA:287,9,1,5
BRDA:289,10,0,5
BRDA:289,10,1,2
BRDA:290,11,0,0
BRDA:290,11,1,0
BRDA:312,12,0,30
BRDA:312,12,1,0
BRDA:313,13,0,50
BRDA:313,13,1,0
BRDA:314,14,0,0
BRDA:339,15,0,21
BRDA:339,15,1,0
BRDA:340,16,0,42
BRDA:340,16,1,0
BRDA:341,17,0,42
BRDA:341,17,1,21
BRDA:342,18,0,42
BRDA:342,19,0,42
BRDA:342,19,1,42
BRDA:355,20,0,34
BRDA:355,20,1,0
BRDA:366,21,0,10
BRDA:368,22,0,44
BRDA:368,22,1,0
BRDA:369,23,0,0
BRDA:378,24,0,54
BRDA:378,24,1,10
BRDA:378,25,0,10
BRDA:378,25,1,0
BRDA:388,26,0,94
BRDA:388,26,1,64
BRDA:388,27,0,64
BRDA:388,27,1,0
BRDA:390,28,0,94
BRDA:390,28,1,0
BRDA:407,29,0,56
BRDA:407,29,1,0
BRDA:412,30,0,203
BRDA:412,30,1,0
BRF:58
BRH:36
end_of_record
TN:
SF:src/app/components/register/register.component.ts
FN:44,(anonymous_1)
FN:46,(anonymous_2)
FN:50,(anonymous_3)
FN:51,(anonymous_4)
FNF:4
FNH:3
FNDA:3,(anonymous_1)
FNDA:1,(anonymous_2)
FNDA:1,(anonymous_3)
FNDA:0,(anonymous_4)
DA:42,1
DA:43,3
DA:44,3
DA:47,1
DA:48,1
DA:49,1
DA:50,1
DA:51,0
LF:8
LH:7
BRDA:51,0,0,0
BRDA:51,0,1,0
BRF:2
BRH:0
end_of_record
TN:
SF:src/app/components/seller-dashboard/seller-dashboard.component.ts
FN:72,(anonymous_1)
FN:73,(anonymous_2)
FN:75,(anonymous_3)
FN:79,(anonymous_4)
FN:86,(anonymous_5)
FN:93,(anonymous_6)
FN:94,(anonymous_7)
FN:100,(anonymous_8)
FN:104,(anonymous_9)
FN:104,(anonymous_10)
FN:107,(anonymous_11)
FN:110,(anonymous_12)
FN:110,(anonymous_13)
FN:113,(anonymous_14)
FN:131,(anonymous_15)
FN:131,(anonymous_16)
FN:134,(anonymous_17)
FN:139,(anonymous_18)
FN:139,(anonymous_19)
FNF:19
FNH:13
FNDA:7,(anonymous_1)
FNDA:1,(anonymous_2)
FNDA:1,(anonymous_3)
FNDA:1,(anonymous_4)
FNDA:3,(anonymous_5)
FNDA:2,(anonymous_6)
FNDA:0,(anonymous_7)
FNDA:1,(anonymous_8)
FNDA:1,(anonymous_9)
FNDA:0,(anonymous_10)
FNDA:1,(anonymous_11)
FNDA:1,(anonymous_12)
FNDA:0,(anonymous_13)
FNDA:1,(anonymous_14)
FNDA:1,(anonymous_15)
FNDA:0,(anonymous_16)
FNDA:1,(anonymous_17)
FNDA:0,(anonymous_18)
FNDA:0,(anonymous_19)
DA:65,1
DA:66,7
DA:67,7
DA:68,7
DA:69,7
DA:70,7
DA:71,7
DA:72,7
DA:73,1
DA:76,1
DA:77,1
DA:79,1
DA:80,1
DA:81,1
DA:82,0
DA:83,0
DA:86,1
DA:87,3
DA:90,1
DA:91,2
DA:92,2
DA:93,2
DA:94,0
DA:101,1
DA:102,1
DA:103,1
DA:104,1
DA:108,1
DA:109,1
DA:110,1
DA:114,1
DA:115,1
DA:116,1
DA:117,1
DA:118,1
DA:119,1
DA:121,1
DA:122,1
DA:123,1
DA:124,1
DA:125,1
DA:126,1
DA:127,1
DA:129,1
DA:131,1
DA:135,1
DA:136,1
DA:137,0
DA:138,0
DA:139,0
LF:50
LH:44
BRDA:81,0,0,0
BRDA:91,1,0,2
BRDA:91,1,1,1
BRDA:108,2,0,0
BRDA:109,3,0,1
BRDA:109,3,1,0
BRDA:115,4,0,1
BRDA:115,4,1,0
BRDA:119,5,0,0
BRDA:119,6,0,1
BRDA:119,6,1,0
BRDA:119,6,2,0
BRDA:119,6,3,0
BRDA:119,6,4,0
BRDA:121,7,0,1
BRDA:121,7,1,0
BRDA:123,8,0,1
BRDA:123,9,0,1
BRDA:123,9,1,1
BRDA:124,10,0,0
BRDA:124,11,0,1
BRDA:124,11,1,1
BRDA:125,12,0,0
BRDA:125,13,0,1
BRDA:125,13,1,1
BRDA:126,14,0,0
BRDA:126,15,0,1
BRDA:126,15,1,1
BRDA:127,16,0,0
BRDA:127,17,0,1
BRDA:127,17,1,1
BRDA:129,18,0,0
BRDA:136,19,0,1
BRDA:137,20,0,0
BRF:34
BRH:18
end_of_record
TN:
SF:src/app/services/auth.guard.ts
FN:7,(anonymous_1)
FN:8,(anonymous_2)
FNF:2
FNH:2
FNDA:3,(anonymous_1)
FNDA:2,(anonymous_2)
DA:6,1
DA:7,3
DA:9,2
DA:10,1
DA:11,1
LF:5
LH:5
BRDA:9,0,0,1
BRF:1
BRH:1
end_of_record
TN:
SF:src/app/services/auth.service.ts
FN:12,(anonymous_1)
FN:16,(anonymous_2)
FN:20,(anonymous_3)
FN:23,(anonymous_4)
FN:25,(anonymous_5)
FN:26,(anonymous_6)
FN:28,(anonymous_7)
FN:39,(anonymous_8)
FN:43,(anonymous_9)
FN:44,(anonymous_10)
FN:50,(anonymous_11)
FN:59,(anonymous_12)
FN:68,(anonymous_13)
FNF:13
FNH:11
FNDA:26,(anonymous_1)
FNDA:4,(anonymous_2)
FNDA:4,(anonymous_3)
FNDA:0,(anonymous_4)
FNDA:2,(anonymous_5)
FNDA:3,(anonymous_6)
FNDA:2,(anonymous_7)
FNDA:4,(anonymous_8)
FNDA:41,(anonymous_9)
FNDA:3,(anonymous_10)
FNDA:5,(anonymous_11)
FNDA:0,(anonymous_12)
FNDA:6,(anonymous_13)
DA:8,1
DA:9,26
DA:10,26
DA:12,26
DA:15,26
DA:16,4
DA:19,26
DA:20,4
DA:23,26
DA:25,2
DA:26,3
DA:29,2
DA:30,2
DA:31,2
DA:33,2
DA:35,0
DA:40,4
DA:41,4
DA:43,41
DA:45,3
DA:46,3
DA:47,3
DA:51,5
DA:52,5
DA:53,4
DA:54,4
DA:55,3
DA:56,1
DA:60,0
DA:61,0
DA:62,0
DA:63,0
DA:64,0
DA:65,0
DA:69,6
DA:70,6
DA:71,5
DA:72,5
DA:73,3
DA:76,2
DA:77,2
LF:41
LH:34
BRDA:16,0,0,2
BRDA:16,0,1,2
BRDA:30,1,0,0
BRDA:52,2,0,1
BRDA:61,3,0,0
BRDA:70,4,0,1
BRDA:73,5,0,3
BRDA:73,5,1,3
BRDA:73,5,2,2
BRDA:73,5,3,1
BRF:10
BRH:8
end_of_record
TN:
SF:src/app/services/cart.service.ts
FN:21,(anonymous_1)
FN:22,(anonymous_2)
FN:27,(anonymous_3)
FN:31,(anonymous_4)
FN:32,(anonymous_5)
FN:48,(anonymous_6)
FN:49,(anonymous_7)
FN:53,(anonymous_8)
FN:54,(anonymous_9)
FN:65,(anonymous_10)
FN:70,(anonymous_11)
FN:71,(anonymous_12)
FN:74,(anonymous_13)
FN:79,(anonymous_14)
FN:84,(anonymous_15)
FNF:15
FNH:15
FNDA:13,(anonymous_1)
FNDA:14,(anonymous_2)
FNDA:8,(anonymous_3)
FNDA:14,(anonymous_4)
FNDA:4,(anonymous_5)
FNDA:2,(anonymous_6)
FNDA:2,(anonymous_7)
FNDA:2,(anonymous_8)
FNDA:2,(anonymous_9)
FNDA:1,(anonymous_10)
FNDA:2,(anonymous_11)
FNDA:2,(anonymous_12)
FNDA:32,(anonymous_13)
FNDA:18,(anonymous_14)
FNDA:14,(anonymous_15)
DA:17,1
DA:18,13
DA:19,13
DA:21,13
DA:22,13
DA:23,14
DA:28,8
DA:32,14
DA:33,14
DA:34,2
DA:36,12
DA:45,14
DA:49,2
DA:50,2
DA:54,2
DA:55,2
DA:56,2
DA:57,2
DA:58,1
DA:60,1
DA:66,1
DA:67,1
DA:71,2
DA:75,32
DA:76,32
DA:80,18
DA:81,18
DA:85,14
DA:86,14
DA:87,1
DA:89,13
DA:91,14
LF:32
LH:32
BRDA:32,0,0,4
BRDA:32,0,1,0
BRDA:33,1,0,2
BRDA:33,1,1,12
BRDA:37,2,0,12
BRDA:37,2,1,1
BRDA:41,3,0,1
BRDA:41,3,1,11
BRDA:41,4,0,12
BRDA:41,4,1,1
BRDA:42,5,0,12
BRDA:42,5,1,11
BRDA:55,6,0,2
BRDA:57,7,0,1
BRDA:57,7,1,1
BRDA:76,8,0,2
BRDA:76,8,1,30
BRDA:86,9,0,1
BRDA:86,9,1,13
BRF:19
BRH:18
end_of_record
TN:
SF:src/app/services/media.service.ts
FN:7,(anonymous_1)
FN:9,(anonymous_2)
FN:16,(anonymous_3)
FNF:3
FNH:3
FNDA:7,(anonymous_1)
FNDA:3,(anonymous_2)
FNDA:4,(anonymous_3)
DA:5,1
DA:6,7
DA:7,7
DA:10,3
DA:11,3
DA:12,3
DA:13,3
DA:17,4
LF:8
LH:8
BRF:0
BRH:0
end_of_record
TN:
SF:src/app/services/order.service.ts
FN:11,(anonymous_1)
FN:14,(anonymous_2)
FN:19,(anonymous_3)
FN:24,(anonymous_4)
FN:29,(anonymous_5)
FN:34,(anonymous_6)
FN:39,(anonymous_7)
FNF:7
FNH:5
FNDA:5,(anonymous_1)
FNDA:1,(anonymous_2)
FNDA:0,(anonymous_3)
FNDA:1,(anonymous_4)
FNDA:1,(anonymous_5)
FNDA:0,(anonymous_6)
FNDA:1,(anonymous_7)
DA:8,1
DA:9,5
DA:11,5
DA:15,1
DA:20,0
DA:25,1
DA:30,1
DA:35,0
DA:40,1
LF:9
LH:7
BRF:0
BRH:0
end_of_record
TN:
SF:src/app/services/product.service.ts
FN:7,(anonymous_1)
FN:9,(anonymous_2)
FN:25,(anonymous_3)
FN:29,(anonymous_4)
FN:30,(anonymous_5)
FN:31,(anonymous_6)
FN:32,(anonymous_7)
FNF:7
FNH:6
FNDA:13,(anonymous_1)
FNDA:4,(anonymous_2)
FNDA:0,(anonymous_3)
FNDA:3,(anonymous_4)
FNDA:2,(anonymous_5)
FNDA:3,(anonymous_6)
FNDA:4,(anonymous_7)
DA:5,1
DA:6,13
DA:7,13
DA:10,4
DA:13,4
DA:14,0
DA:16,4
DA:17,0
DA:19,4
DA:20,0
DA:22,4
DA:26,0
DA:29,3
DA:30,2
DA:31,3
DA:32,4
LF:16
LH:12
BRDA:9,0,0,4
BRDA:9,1,0,4
BRDA:13,2,0,0
BRDA:13,3,0,4
BRDA:13,3,1,0
BRDA:16,4,0,0
BRDA:16,5,0,4
BRDA:16,5,1,0
BRDA:19,6,0,0
BRDA:19,7,0,4
BRDA:19,7,1,0
BRF:11
BRH:5
end_of_record
TN:
SF:src/app/services/seller.guard.ts
FN:7,(anonymous_1)
FN:8,(anonymous_2)
FNF:2
FNH:2
FNDA:3,(anonymous_1)
FNDA:2,(anonymous_2)
DA:6,1
DA:7,3
DA:9,2
DA:10,1
DA:11,1
LF:5
LH:5
BRDA:9,0,0,1
BRF:1
BRH:1
end_of_record
TN:
SF:src/app/services/token.interceptor.ts
FN:7,(anonymous_1)
FNF:1
FNH:1
FNDA:17,(anonymous_1)
DA:6,1
DA:8,17
DA:9,17
DA:10,14
DA:11,14
DA:13,3
LF:6
LH:6
BRDA:9,0,0,14
BRF:1
BRH:1
end_of_record
